<?xml version="1.0" encoding="UTF-8"?>
<testsuite name="edu.onlineStore.BookTest" tests="7" skipped="0" failures="0" errors="0" timestamp="2016-11-07T16:14:59" hostname="JCMBP.local" time="0.005">
  <properties/>
  <testcase name="setAuthorWorks" classname="edu.onlineStore.BookTest" time="0.001"/>
  <testcase name="emptyPublisherCreatesBook" classname="edu.onlineStore.BookTest" time="0.001"/>
  <testcase name="setPublisherWorks" classname="edu.onlineStore.BookTest" time="0.0"/>
  <testcase name="getAuthorWorks" classname="edu.onlineStore.BookTest" time="0.001"/>
  <testcase name="emptyAuthorCreatesBook" classname="edu.onlineStore.BookTest" time="0.0"/>
  <testcase name="bookEqualsWorks" classname="edu.onlineStore.BookTest" time="0.0"/>
  <testcase name="getPublisherWorks" classname="edu.onlineStore.BookTest" time="0.001"/>
  <system-out><![CDATA[]]></system-out>
  <system-err><![CDATA[]]></system-err>
</testsuite>
