<?xml version="1.0" encoding="UTF-8"?>
<testsuite name="edu.onlineStore.SearchTest" tests="13" skipped="0" failures="0" errors="0" timestamp="2016-11-07T16:14:59" hostname="JCMBP.local" time="0.002">
  <properties/>
  <testcase name="searchWorksForSpecificYear" classname="edu.onlineStore.SearchTest" time="0.0"/>
  <testcase name="searchReturnsAllProductsIfSearchRequestIsEmpty" classname="edu.onlineStore.SearchTest" time="0.0"/>
  <testcase name="doesNotReturnItemsThatDoNotMatchEntireSearchRequest" classname="edu.onlineStore.SearchTest" time="0.0"/>
  <testcase name="searchWorksForGreaterThanYear" classname="edu.onlineStore.SearchTest" time="0.0"/>
  <testcase name="doesNotMatchSubsetOrSuperSetOfKeyWord" classname="edu.onlineStore.SearchTest" time="0.0"/>
  <testcase name="matchesKeyWordOutOfOrder" classname="edu.onlineStore.SearchTest" time="0.0"/>
  <testcase name="searchWorksForKeyWordInName" classname="edu.onlineStore.SearchTest" time="0.0"/>
  <testcase name="mathesExactKeyWord" classname="edu.onlineStore.SearchTest" time="0.001"/>
  <testcase name="searchWorksForRangeOfYears" classname="edu.onlineStore.SearchTest" time="0.0"/>
  <testcase name="matchesCaseInsensitive" classname="edu.onlineStore.SearchTest" time="0.0"/>
  <testcase name="searchDoesNotReturnNonNameKeyWords" classname="edu.onlineStore.SearchTest" time="0.0"/>
  <testcase name="searchWorksForLessThanYear" classname="edu.onlineStore.SearchTest" time="0.0"/>
  <testcase name="searchWorksForId" classname="edu.onlineStore.SearchTest" time="0.0"/>
  <system-out><![CDATA[]]></system-out>
  <system-err><![CDATA[]]></system-err>
</testsuite>
