<?xml version="1.0" encoding="UTF-8"?>
<testsuite name="edu.onlineStore.ElectronicTest" tests="4" skipped="0" failures="0" errors="0" timestamp="2016-11-07T16:14:59" hostname="JCMBP.local" time="0.002">
  <properties/>
  <testcase name="electronicEqualsWorks" classname="edu.onlineStore.ElectronicTest" time="0.0"/>
  <testcase name="getMakerWorks" classname="edu.onlineStore.ElectronicTest" time="0.001"/>
  <testcase name="setMakerWorks" classname="edu.onlineStore.ElectronicTest" time="0.0"/>
  <testcase name="emptyMakerCreatesElectronic" classname="edu.onlineStore.ElectronicTest" time="0.001"/>
  <system-out><![CDATA[]]></system-out>
  <system-err><![CDATA[]]></system-err>
</testsuite>
